<?xml version="1.0" encoding="UTF-8"?>
<coverage generated="1758118343895" clover="3.2.0">
  <project timestamp="1758118343895" name="All files">
    <metrics statements="47" coveredstatements="14" conditionals="20" coveredconditionals="2" methods="21" coveredmethods="6" elements="88" coveredelements="22" complexity="0" loc="47" ncloc="47" packages="3" files="5" classes="5"/>
    <package name="components.FertilizerList">
      <metrics statements="5" coveredstatements="5" conditionals="2" coveredconditionals="1" methods="3" coveredmethods="3"/>
      <file name="FertilizerList.jsx" path="C:\Users\satyapriyabarik\OneDrive - Nagarro\Documents\nurseryApp\src\components\FertilizerList\FertilizerList.jsx">
        <metrics statements="5" coveredstatements="5" conditionals="2" coveredconditionals="1" methods="3" coveredmethods="3"/>
        <line num="7" count="2" type="stmt"/>
        <line num="8" count="2" type="stmt"/>
        <line num="10" count="2" type="stmt"/>
        <line num="15" count="2" type="stmt"/>
        <line num="24" count="1" type="stmt"/>
      </file>
      <file name="index.jsx" path="C:\Users\satyapriyabarik\OneDrive - Nagarro\Documents\nurseryApp\src\components\FertilizerList\index.jsx">
        <metrics statements="0" coveredstatements="0" conditionals="0" coveredconditionals="0" methods="0" coveredmethods="0"/>
      </file>
    </package>
    <package name="components.PlantList">
      <metrics statements="5" coveredstatements="5" conditionals="2" coveredconditionals="1" methods="3" coveredmethods="3"/>
      <file name="PlantList.jsx" path="C:\Users\satyapriyabarik\OneDrive - Nagarro\Documents\nurseryApp\src\components\PlantList\PlantList.jsx">
        <metrics statements="5" coveredstatements="5" conditionals="2" coveredconditionals="1" methods="3" coveredmethods="3"/>
        <line num="7" count="2" type="stmt"/>
        <line num="8" count="2" type="stmt"/>
        <line num="10" count="2" type="stmt"/>
        <line num="15" count="2" type="stmt"/>
        <line num="24" count="1" type="stmt"/>
      </file>
      <file name="index.jsx" path="C:\Users\satyapriyabarik\OneDrive - Nagarro\Documents\nurseryApp\src\components\PlantList\index.jsx">
        <metrics statements="0" coveredstatements="0" conditionals="0" coveredconditionals="0" methods="0" coveredmethods="0"/>
      </file>
    </package>
    <package name="context">
      <metrics statements="37" coveredstatements="4" conditionals="16" coveredconditionals="0" methods="15" coveredmethods="0"/>
      <file name="NurseryContext.jsx" path="C:\Users\satyapriyabarik\OneDrive - Nagarro\Documents\nurseryApp\src\context\NurseryContext.jsx">
        <metrics statements="37" coveredstatements="4" conditionals="16" coveredconditionals="0" methods="15" coveredmethods="0"/>
        <line num="3" count="2" type="stmt"/>
        <line num="5" count="2" type="stmt"/>
        <line num="89" count="2" type="stmt"/>
        <line num="128" count="2" type="stmt"/>
        <line num="130" count="0" type="stmt"/>
        <line num="131" count="0" type="stmt"/>
        <line num="132" count="0" type="cond" truecount="0" falsecount="2"/>
        <line num="135" count="0" type="stmt"/>
        <line num="136" count="0" type="stmt"/>
        <line num="137" count="0" type="cond" truecount="0" falsecount="2"/>
        <line num="140" count="0" type="stmt"/>
        <line num="142" count="0" type="stmt"/>
        <line num="144" count="0" type="stmt"/>
        <line num="145" count="0" type="stmt"/>
        <line num="148" count="0" type="stmt"/>
        <line num="151" count="0" type="stmt"/>
        <line num="152" count="0" type="stmt"/>
        <line num="154" count="0" type="stmt"/>
        <line num="155" count="0" type="cond" truecount="0" falsecount="2"/>
        <line num="157" count="0" type="stmt"/>
        <line num="158" count="0" type="cond" truecount="0" falsecount="2"/>
        <line num="159" count="0" type="stmt"/>
        <line num="161" count="0" type="stmt"/>
        <line num="166" count="0" type="stmt"/>
        <line num="168" count="0" type="cond" truecount="0" falsecount="2"/>
        <line num="169" count="0" type="stmt"/>
        <line num="170" count="0" type="cond" truecount="0" falsecount="2"/>
        <line num="171" count="0" type="stmt"/>
        <line num="173" count="0" type="stmt"/>
        <line num="179" count="0" type="stmt"/>
        <line num="182" count="0" type="stmt"/>
        <line num="184" count="0" type="cond" truecount="0" falsecount="2"/>
        <line num="187" count="0" type="stmt"/>
        <line num="190" count="0" type="stmt"/>
        <line num="192" count="0" type="cond" truecount="0" falsecount="2"/>
        <line num="195" count="0" type="stmt"/>
        <line num="198" count="0" type="stmt"/>
      </file>
    </package>
  </project>
</coverage>
