{"C:\\Users\\satyapriyabarik\\OneDrive - Nagarro\\Documents\\nurseryApp\\src\\components\\FertilizerList\\FertilizerList.jsx": {"path":"C:\\Users\\satyapriyabarik\\OneDrive - Nagarro\\Documents\\nurseryApp\\src\\components\\FertilizerList\\FertilizerList.jsx","statementMap":{"0":{"start":{"line":7,"column":44},"end":{"line":7,"column":70}},"1":{"start":{"line":8,"column":16},"end":{"line":8,"column":26}},"2":{"start":{"line":10,"column":4},"end":{"line":37,"column":6}},"3":{"start":{"line":15,"column":20},"end":{"line":33,"column":27}},"4":{"start":{"line":24,"column":73},"end":{"line":24,"column":96}}},"fnMap":{"0":{"name":"FertilizerList","decl":{"start":{"line":5,"column":24},"end":{"line":5,"column":38}},"loc":{"start":{"line":5,"column":41},"end":{"line":38,"column":1}},"line":5},"1":{"name":"(anonymous_1)","decl":{"start":{"line":14,"column":33},"end":{"line":14,"column":34}},"loc":{"start":{"line":15,"column":20},"end":{"line":33,"column":27}},"line":15},"2":{"name":"(anonymous_2)","decl":{"start":{"line":24,"column":67},"end":{"line":24,"column":68}},"loc":{"start":{"line":24,"column":73},"end":{"line":24,"column":96}},"line":24}},"branchMap":{"0":{"loc":{"start":{"line":21,"column":29},"end":{"line":27,"column":29}},"type":"cond-expr","locations":[{"start":{"line":22,"column":32},"end":{"line":22,"column":94}},{"start":{"line":24,"column":32},"end":{"line":26,"column":41}}],"line":21}},"s":{"0":2,"1":2,"2":2,"3":2,"4":1},"f":{"0":2,"1":2,"2":1},"b":{"0":[0,2]},"_coverageSchema":"1a1c01bbd47fc00a2c39e90264f33305004495a9","hash":"486450eb8a8d15cc7790440b6eec72ca32880147"}
,"C:\\Users\\satyapriyabarik\\OneDrive - Nagarro\\Documents\\nurseryApp\\src\\components\\FertilizerList\\index.jsx": {"path":"C:\\Users\\satyapriyabarik\\OneDrive - Nagarro\\Documents\\nurseryApp\\src\\components\\FertilizerList\\index.jsx","statementMap":{},"fnMap":{},"branchMap":{},"s":{},"f":{},"b":{},"_coverageSchema":"1a1c01bbd47fc00a2c39e90264f33305004495a9","hash":"3314673d8127dda0254d4cf93e0a6dfa20642b58"}
,"C:\\Users\\satyapriyabarik\\OneDrive - Nagarro\\Documents\\nurseryApp\\src\\components\\PlantList\\PlantList.jsx": {"path":"C:\\Users\\satyapriyabarik\\OneDrive - Nagarro\\Documents\\nurseryApp\\src\\components\\PlantList\\PlantList.jsx","statementMap":{"0":{"start":{"line":7,"column":36},"end":{"line":7,"column":62}},"1":{"start":{"line":8,"column":16},"end":{"line":8,"column":26}},"2":{"start":{"line":10,"column":4},"end":{"line":37,"column":6}},"3":{"start":{"line":15,"column":20},"end":{"line":33,"column":27}},"4":{"start":{"line":24,"column":73},"end":{"line":24,"column":94}}},"fnMap":{"0":{"name":"PlantList","decl":{"start":{"line":6,"column":24},"end":{"line":6,"column":33}},"loc":{"start":{"line":6,"column":36},"end":{"line":38,"column":1}},"line":6},"1":{"name":"(anonymous_1)","decl":{"start":{"line":14,"column":28},"end":{"line":14,"column":29}},"loc":{"start":{"line":15,"column":20},"end":{"line":33,"column":27}},"line":15},"2":{"name":"(anonymous_2)","decl":{"start":{"line":24,"column":67},"end":{"line":24,"column":68}},"loc":{"start":{"line":24,"column":73},"end":{"line":24,"column":94}},"line":24}},"branchMap":{"0":{"loc":{"start":{"line":21,"column":29},"end":{"line":27,"column":29}},"type":"cond-expr","locations":[{"start":{"line":22,"column":32},"end":{"line":22,"column":91}},{"start":{"line":24,"column":32},"end":{"line":26,"column":41}}],"line":21}},"s":{"0":2,"1":2,"2":2,"3":2,"4":1},"f":{"0":2,"1":2,"2":1},"b":{"0":[0,2]},"_coverageSchema":"1a1c01bbd47fc00a2c39e90264f33305004495a9","hash":"f2fbc02a1c198ffb13a64f0197f4c01ec42ef323"}
,"C:\\Users\\satyapriyabarik\\OneDrive - Nagarro\\Documents\\nurseryApp\\src\\components\\PlantList\\index.jsx": {"path":"C:\\Users\\satyapriyabarik\\OneDrive - Nagarro\\Documents\\nurseryApp\\src\\components\\PlantList\\index.jsx","statementMap":{},"fnMap":{},"branchMap":{},"s":{},"f":{},"b":{},"_coverageSchema":"1a1c01bbd47fc00a2c39e90264f33305004495a9","hash":"362c2e9e3a45de42c870e0c0b0970a3f5b3ec9ae"}
,"C:\\Users\\satyapriyabarik\\OneDrive - Nagarro\\Documents\\nurseryApp\\src\\context\\NurseryContext.jsx": {"path":"C:\\Users\\satyapriyabarik\\OneDrive - Nagarro\\Documents\\nurseryApp\\src\\context\\NurseryContext.jsx","statementMap":{"0":{"start":{"line":3,"column":30},"end":{"line":3,"column":45}},"1":{"start":{"line":5,"column":22},"end":{"line":87,"column":1}},"2":{"start":{"line":89,"column":27},"end":{"line":127,"column":1}},"3":{"start":{"line":128,"column":31},"end":{"line":204,"column":1}},"4":{"start":{"line":130,"column":32},"end":{"line":133,"column":6}},"5":{"start":{"line":131,"column":22},"end":{"line":131,"column":52}},"6":{"start":{"line":132,"column":8},"end":{"line":132,"column":57}},"7":{"start":{"line":135,"column":42},"end":{"line":138,"column":6}},"8":{"start":{"line":136,"column":22},"end":{"line":136,"column":57}},"9":{"start":{"line":137,"column":8},"end":{"line":137,"column":62}},"10":{"start":{"line":140,"column":46},"end":{"line":140,"column":58}},"11":{"start":{"line":142,"column":4},"end":{"line":146,"column":30}},"12":{"start":{"line":144,"column":8},"end":{"line":144,"column":63}},"13":{"start":{"line":145,"column":8},"end":{"line":145,"column":73}},"14":{"start":{"line":148,"column":4},"end":{"line":180,"column":30}},"15":{"start":{"line":151,"column":25},"end":{"line":177,"column":16}},"16":{"start":{"line":152,"column":24},"end":{"line":152,"column":34}},"17":{"start":{"line":154,"column":12},"end":{"line":164,"column":15}},"18":{"start":{"line":155,"column":16},"end":{"line":163,"column":17}},"19":{"start":{"line":157,"column":20},"end":{"line":162,"column":23}},"20":{"start":{"line":158,"column":24},"end":{"line":160,"column":25}},"21":{"start":{"line":159,"column":28},"end":{"line":159,"column":76}},"22":{"start":{"line":161,"column":24},"end":{"line":161,"column":36}},"23":{"start":{"line":166,"column":12},"end":{"line":176,"column":15}},"24":{"start":{"line":168,"column":16},"end":{"line":175,"column":17}},"25":{"start":{"line":169,"column":20},"end":{"line":174,"column":23}},"26":{"start":{"line":170,"column":24},"end":{"line":172,"column":25}},"27":{"start":{"line":171,"column":28},"end":{"line":171,"column":84}},"28":{"start":{"line":173,"column":24},"end":{"line":173,"column":36}},"29":{"start":{"line":179,"column":8},"end":{"line":179,"column":45}},"30":{"start":{"line":179,"column":21},"end":{"line":179,"column":44}},"31":{"start":{"line":182,"column":24},"end":{"line":188,"column":5}},"32":{"start":{"line":184,"column":8},"end":{"line":186,"column":18}},"33":{"start":{"line":184,"column":34},"end":{"line":186,"column":15}},"34":{"start":{"line":187,"column":8},"end":{"line":187,"column":29}},"35":{"start":{"line":190,"column":27},"end":{"line":196,"column":5}},"36":{"start":{"line":192,"column":8},"end":{"line":194,"column":18}},"37":{"start":{"line":192,"column":44},"end":{"line":194,"column":15}},"38":{"start":{"line":195,"column":8},"end":{"line":195,"column":29}},"39":{"start":{"line":198,"column":4},"end":{"line":203,"column":6}}},"fnMap":{"0":{"name":"(anonymous_0)","decl":{"start":{"line":128,"column":31},"end":{"line":128,"column":32}},"loc":{"start":{"line":128,"column":49},"end":{"line":204,"column":1}},"line":128},"1":{"name":"(anonymous_1)","decl":{"start":{"line":130,"column":41},"end":{"line":130,"column":42}},"loc":{"start":{"line":130,"column":47},"end":{"line":133,"column":5}},"line":130},"2":{"name":"(anonymous_2)","decl":{"start":{"line":135,"column":51},"end":{"line":135,"column":52}},"loc":{"start":{"line":135,"column":57},"end":{"line":138,"column":5}},"line":135},"3":{"name":"(anonymous_3)","decl":{"start":{"line":142,"column":14},"end":{"line":142,"column":15}},"loc":{"start":{"line":142,"column":20},"end":{"line":146,"column":5}},"line":142},"4":{"name":"(anonymous_4)","decl":{"start":{"line":148,"column":14},"end":{"line":148,"column":15}},"loc":{"start":{"line":148,"column":20},"end":{"line":180,"column":5}},"line":148},"5":{"name":"(anonymous_5)","decl":{"start":{"line":151,"column":37},"end":{"line":151,"column":38}},"loc":{"start":{"line":151,"column":43},"end":{"line":177,"column":9}},"line":151},"6":{"name":"(anonymous_6)","decl":{"start":{"line":154,"column":27},"end":{"line":154,"column":28}},"loc":{"start":{"line":154,"column":36},"end":{"line":164,"column":13}},"line":154},"7":{"name":"(anonymous_7)","decl":{"start":{"line":157,"column":37},"end":{"line":157,"column":38}},"loc":{"start":{"line":157,"column":45},"end":{"line":162,"column":21}},"line":157},"8":{"name":"(anonymous_8)","decl":{"start":{"line":166,"column":32},"end":{"line":166,"column":33}},"loc":{"start":{"line":166,"column":40},"end":{"line":176,"column":13}},"line":166},"9":{"name":"(anonymous_9)","decl":{"start":{"line":169,"column":37},"end":{"line":169,"column":38}},"loc":{"start":{"line":169,"column":45},"end":{"line":174,"column":21}},"line":169},"10":{"name":"(anonymous_10)","decl":{"start":{"line":179,"column":15},"end":{"line":179,"column":16}},"loc":{"start":{"line":179,"column":21},"end":{"line":179,"column":44}},"line":179},"11":{"name":"(anonymous_11)","decl":{"start":{"line":182,"column":24},"end":{"line":182,"column":25}},"loc":{"start":{"line":182,"column":32},"end":{"line":188,"column":5}},"line":182},"12":{"name":"(anonymous_12)","decl":{"start":{"line":184,"column":29},"end":{"line":184,"column":30}},"loc":{"start":{"line":184,"column":34},"end":{"line":186,"column":15}},"line":184},"13":{"name":"(anonymous_13)","decl":{"start":{"line":190,"column":27},"end":{"line":190,"column":28}},"loc":{"start":{"line":190,"column":35},"end":{"line":196,"column":5}},"line":190},"14":{"name":"(anonymous_14)","decl":{"start":{"line":192,"column":39},"end":{"line":192,"column":40}},"loc":{"start":{"line":192,"column":44},"end":{"line":194,"column":15}},"line":192}},"branchMap":{"0":{"loc":{"start":{"line":132,"column":15},"end":{"line":132,"column":56}},"type":"cond-expr","locations":[{"start":{"line":132,"column":23},"end":{"line":132,"column":40}},{"start":{"line":132,"column":43},"end":{"line":132,"column":56}}],"line":132},"1":{"loc":{"start":{"line":137,"column":15},"end":{"line":137,"column":61}},"type":"cond-expr","locations":[{"start":{"line":137,"column":23},"end":{"line":137,"column":40}},{"start":{"line":137,"column":43},"end":{"line":137,"column":61}}],"line":137},"2":{"loc":{"start":{"line":155,"column":16},"end":{"line":163,"column":17}},"type":"if","locations":[{"start":{"line":155,"column":16},"end":{"line":163,"column":17}},{"start":{},"end":{}}],"line":155},"3":{"loc":{"start":{"line":158,"column":24},"end":{"line":160,"column":25}},"type":"if","locations":[{"start":{"line":158,"column":24},"end":{"line":160,"column":25}},{"start":{},"end":{}}],"line":158},"4":{"loc":{"start":{"line":168,"column":16},"end":{"line":175,"column":17}},"type":"if","locations":[{"start":{"line":168,"column":16},"end":{"line":175,"column":17}},{"start":{},"end":{}}],"line":168},"5":{"loc":{"start":{"line":170,"column":24},"end":{"line":172,"column":25}},"type":"if","locations":[{"start":{"line":170,"column":24},"end":{"line":172,"column":25}},{"start":{},"end":{}}],"line":170},"6":{"loc":{"start":{"line":184,"column":34},"end":{"line":186,"column":15}},"type":"cond-expr","locations":[{"start":{"line":185,"column":14},"end":{"line":185,"column":70}},{"start":{"line":186,"column":14},"end":{"line":186,"column":15}}],"line":184},"7":{"loc":{"start":{"line":192,"column":44},"end":{"line":194,"column":15}},"type":"cond-expr","locations":[{"start":{"line":193,"column":14},"end":{"line":193,"column":78}},{"start":{"line":194,"column":14},"end":{"line":194,"column":15}}],"line":192}},"s":{"0":2,"1":2,"2":2,"3":2,"4":0,"5":0,"6":0,"7":0,"8":0,"9":0,"10":0,"11":0,"12":0,"13":0,"14":0,"15":0,"16":0,"17":0,"18":0,"19":0,"20":0,"21":0,"22":0,"23":0,"24":0,"25":0,"26":0,"27":0,"28":0,"29":0,"30":0,"31":0,"32":0,"33":0,"34":0,"35":0,"36":0,"37":0,"38":0,"39":0},"f":{"0":0,"1":0,"2":0,"3":0,"4":0,"5":0,"6":0,"7":0,"8":0,"9":0,"10":0,"11":0,"12":0,"13":0,"14":0},"b":{"0":[0,0],"1":[0,0],"2":[0,0],"3":[0,0],"4":[0,0],"5":[0,0],"6":[0,0],"7":[0,0]},"_coverageSchema":"1a1c01bbd47fc00a2c39e90264f33305004495a9","hash":"b633bd5c5ccdd5c2e8785e5562f7631535dc8d8b"}
}
