TN:
SF:src\components\FertilizerList\FertilizerList.jsx
FN:5,FertilizerList
FN:14,(anonymous_1)
FN:24,(anonymous_2)
FNF:3
FNH:3
FNDA:2,FertilizerList
FNDA:2,(anonymous_1)
FNDA:1,(anonymous_2)
DA:7,2
DA:8,2
DA:10,2
DA:15,2
DA:24,1
LF:5
LH:5
BRDA:21,0,0,0
BRDA:21,0,1,2
BRF:2
BRH:1
end_of_record
TN:
SF:src\components\FertilizerList\index.jsx
FNF:0
FNH:0
LF:0
LH:0
BRF:0
BRH:0
end_of_record
TN:
SF:src\components\PlantList\PlantList.jsx
FN:6,PlantList
FN:14,(anonymous_1)
FN:24,(anonymous_2)
FNF:3
FNH:3
FNDA:2,PlantList
FNDA:2,(anonymous_1)
FNDA:1,(anonymous_2)
DA:7,2
DA:8,2
DA:10,2
DA:15,2
DA:24,1
LF:5
LH:5
BRDA:21,0,0,0
BRDA:21,0,1,2
BRF:2
BRH:1
end_of_record
TN:
SF:src\components\PlantList\index.jsx
FNF:0
FNH:0
LF:0
LH:0
BRF:0
BRH:0
end_of_record
TN:
SF:src\context\NurseryContext.jsx
FN:128,(anonymous_0)
FN:130,(anonymous_1)
FN:135,(anonymous_2)
FN:142,(anonymous_3)
FN:148,(anonymous_4)
FN:151,(anonymous_5)
FN:154,(anonymous_6)
FN:157,(anonymous_7)
FN:166,(anonymous_8)
FN:169,(anonymous_9)
FN:179,(anonymous_10)
FN:182,(anonymous_11)
FN:184,(anonymous_12)
FN:190,(anonymous_13)
FN:192,(anonymous_14)
FNF:15
FNH:0
FNDA:0,(anonymous_0)
FNDA:0,(anonymous_1)
FNDA:0,(anonymous_2)
FNDA:0,(anonymous_3)
FNDA:0,(anonymous_4)
FNDA:0,(anonymous_5)
FNDA:0,(anonymous_6)
FNDA:0,(anonymous_7)
FNDA:0,(anonymous_8)
FNDA:0,(anonymous_9)
FNDA:0,(anonymous_10)
FNDA:0,(anonymous_11)
FNDA:0,(anonymous_12)
FNDA:0,(anonymous_13)
FNDA:0,(anonymous_14)
DA:3,2
DA:5,2
DA:89,2
DA:128,2
DA:130,0
DA:131,0
DA:132,0
DA:135,0
DA:136,0
DA:137,0
DA:140,0
DA:142,0
DA:144,0
DA:145,0
DA:148,0
DA:151,0
DA:152,0
DA:154,0
DA:155,0
DA:157,0
DA:158,0
DA:159,0
DA:161,0
DA:166,0
DA:168,0
DA:169,0
DA:170,0
DA:171,0
DA:173,0
DA:179,0
DA:182,0
DA:184,0
DA:187,0
DA:190,0
DA:192,0
DA:195,0
DA:198,0
LF:37
LH:4
BRDA:132,0,0,0
BRDA:132,0,1,0
BRDA:137,1,0,0
BRDA:137,1,1,0
BRDA:155,2,0,0
BRDA:155,2,1,0
BRDA:158,3,0,0
BRDA:158,3,1,0
BRDA:168,4,0,0
BRDA:168,4,1,0
BRDA:170,5,0,0
BRDA:170,5,1,0
BRDA:184,6,0,0
BRDA:184,6,1,0
BRDA:192,7,0,0
BRDA:192,7,1,0
BRF:16
BRH:0
end_of_record
